2025-04-12 21:27:48,039 - routes - INFO - Registration attempt for email: jakshd@hda.dad
2025-04-12 21:28:19,006 - routes - INFO - Registration attempt for email: jakshd@hda.dad
2025-04-12 21:28:19,113 - passlib.handlers.bcrypt - WARNING - (trapped) error reading bcrypt version
Traceback (most recent call last):
  File "D:\Code\Projects\fullyhacks\SecondServing\backend\.venv\lib\site-packages\passlib\handlers\bcrypt.py", line 620, in _load_backend_mixin
    version = _bcrypt.__about__.__version__
AttributeError: module 'bcrypt' has no attribute '__about__'
2025-04-12 21:31:42,872 - routes - INFO - Registration attempt for email: dssd@asd.asd
2025-04-12 21:31:42,934 - passlib.handlers.bcrypt - WARNING - (trapped) error reading bcrypt version
Traceback (most recent call last):
  File "D:\Code\Projects\fullyhacks\SecondServing\backend\.venv\lib\site-packages\passlib\handlers\bcrypt.py", line 620, in _load_backend_mixin
    version = _bcrypt.__about__.__version__
AttributeError: module 'bcrypt' has no attribute '__about__'
2025-04-12 21:32:53,880 - routes - INFO - Registration attempt for email: dssd@asd.asd
2025-04-12 21:32:53,946 - passlib.handlers.bcrypt - WARNING - (trapped) error reading bcrypt version
Traceback (most recent call last):
  File "D:\Code\Projects\fullyhacks\SecondServing\backend\.venv\lib\site-packages\passlib\handlers\bcrypt.py", line 620, in _load_backend_mixin
    version = _bcrypt.__about__.__version__
AttributeError: module 'bcrypt' has no attribute '__about__'
2025-04-12 21:34:22,317 - routes - INFO - Registration attempt for email: dssd@asd.asd
2025-04-12 21:34:22,378 - passlib.handlers.bcrypt - WARNING - (trapped) error reading bcrypt version
Traceback (most recent call last):
  File "D:\Code\Projects\fullyhacks\SecondServing\backend\.venv\lib\site-packages\passlib\handlers\bcrypt.py", line 620, in _load_backend_mixin
    version = _bcrypt.__about__.__version__
AttributeError: module 'bcrypt' has no attribute '__about__'
2025-04-12 21:35:03,917 - routes - INFO - Registration attempt for email: dssd@asd.asd
2025-04-12 21:36:15,935 - routes - INFO - Registration attempt for email: dssd@asd.asd
2025-04-12 21:36:16,000 - passlib.handlers.bcrypt - WARNING - (trapped) error reading bcrypt version
Traceback (most recent call last):
  File "D:\Code\Projects\fullyhacks\SecondServing\backend\.venv\lib\site-packages\passlib\handlers\bcrypt.py", line 620, in _load_backend_mixin
    version = _bcrypt.__about__.__version__
AttributeError: module 'bcrypt' has no attribute '__about__'
2025-04-12 21:36:16,247 - routes - INFO - User created successfully with email: dssd@asd.asd
2025-04-12 21:36:16,247 - auth - INFO - Attempting to authenticate user with email: dssd@asd.asd
2025-04-12 21:37:07,470 - routes - INFO - Registration attempt for email: dssd@asd.asd
2025-04-12 21:37:07,639 - routes - WARNING - Registration failed - email already exists: dssd@asd.asd
2025-04-12 21:37:59,309 - routes - INFO - Login attempt for email: dssd@asd.asd
2025-04-12 21:37:59,309 - auth - INFO - Attempting to authenticate user with email: dssd@asd.asd
2025-04-12 21:37:59,313 - passlib.handlers.bcrypt - WARNING - (trapped) error reading bcrypt version
Traceback (most recent call last):
  File "D:\Code\Projects\fullyhacks\SecondServing\backend\.venv\lib\site-packages\passlib\handlers\bcrypt.py", line 620, in _load_backend_mixin
    version = _bcrypt.__about__.__version__
AttributeError: module 'bcrypt' has no attribute '__about__'
2025-04-12 21:37:59,555 - auth - INFO - User with email dssd@asd.asd authenticated successfully
2025-04-12 21:39:34,598 - routes - INFO - Login attempt for email: dssd@asd.asd
2025-04-12 21:39:34,598 - auth - INFO - Attempting to authenticate user with email: dssd@asd.asd
2025-04-12 21:39:34,663 - passlib.handlers.bcrypt - WARNING - (trapped) error reading bcrypt version
Traceback (most recent call last):
  File "D:\Code\Projects\fullyhacks\SecondServing\backend\.venv\lib\site-packages\passlib\handlers\bcrypt.py", line 620, in _load_backend_mixin
    version = _bcrypt.__about__.__version__
AttributeError: module 'bcrypt' has no attribute '__about__'
2025-04-12 21:39:34,905 - auth - INFO - User with email dssd@asd.asd authenticated successfully
2025-04-12 21:39:34,906 - routes - INFO - Successful login for user_id: 3, email: dssd@asd.asd
